<?xml version="1.0" encoding="UTF-8"?>
<testsuite xmlns:xsi="http://www.w3.org/2001/XMLSchema-instance" xsi:noNamespaceSchemaLocation="https://maven.apache.org/surefire/maven-surefire-plugin/xsd/surefire-test-report.xsd" version="3.0.2" name="es.ptm.demospringboot.DemoSpringBootApplicationTests" time="2.493" tests="1" errors="0" skipped="0" failures="0">
  <properties>
[...]
</properties>
  <testcase name="contextLoads" classname="es.ptm.demospringboot.DemoSpringBootApplicationTests" time="0.619">
    <system-out><![CDATA[19:24:48.430 [main] INFO org.springframework.test.context.support.AnnotationConfigContextLoaderUtils -- Could not detect default configuration classes for test class [es.ptm.demospringboot.DemoSpringBootApplicationTests]: DemoSpringBootApplicationTests does not declare any static, non-private, non-final, nested classes annotated with @Configuration.
19:24:48.539 [main] INFO org.springframework.boot.test.context.SpringBootTestContextBootstrapper -- Found @SpringBootConfiguration es.ptm.demospringboot.DemoSpringBootApplication for test class es.ptm.demospringboot.DemoSpringBootApplicationTests
19:24:48.704 [main] INFO org.springframework.boot.devtools.restart.RestartApplicationListener -- Restart disabled due to context in which it is running

  .   ____          _            __ _ _
 /\\ / ___'_ __ _ _(_)_ __  __ _ \ \ \ \
( ( )\___ | '_ | '_| | '_ \/ _` | \ \ \ \
 \\/  ___)| |_)| | | | | || (_| |  ) ) ) )
  '  |____| .__|_| |_|_| |_\__, | / / / /
 =========|_|==============|___/=/_/_/_/

 :: Spring Boot ::                (v3.5.0)

2025-06-01T19:24:49.119+02:00  INFO 23340 --- [DemoSpringBoot] [           main] e.p.d.DemoSpringBootApplicationTests     : Starting DemoSpringBootApplicationTests using Java 17.0.8 with PID 23340 (started by pjrl1 in D:\proyectos\intellij_workspace\DemoSpringBoot)
2025-06-01T19:24:49.121+02:00  INFO 23340 --- [DemoSpringBoot] [           main] e.p.d.DemoSpringBootApplicationTests     : No active profile set, falling back to 1 default profile: "default"
2025-06-01T19:24:50.177+02:00  INFO 23340 --- [DemoSpringBoot] [           main] e.p.d.DemoSpringBootApplicationTests     : Started DemoSpringBootApplicationTests in 1.483 seconds (process running for 2.279)
]]></system-out>
  </testcase>
</testsuite>